<?xml version="1.0" encoding="UTF-8"?>
<!-- Generated by org.testng.reporters.JUnitXMLReporter -->
<testsuite ignored="0" hostname="LAPTOP-3BL16AQ1" failures="0" tests="6" name="Test" time="16.827" errors="0" timestamp="2023-05-06T18:45:37 IST">
  <testcase classname="TestNg.LoginOrangeHRM" name="enterUsername" time="1.14"/>
  <testcase classname="TestNg.LoginOrangeHRM" name="enterPassword" time="0.4"/>
  <testcase classname="TestNg.LoginOrangeHRM" name="clickLogin" time="1.815"/>
  <testcase classname="TestNg.LoginOrangeHRM_Edge" name="enterUsername" time="1.248"/>
  <testcase classname="TestNg.LoginOrangeHRM_Edge" name="enterPassword" time="0.62"/>
  <testcase classname="TestNg.LoginOrangeHRM_Edge" name="clickLogin" time="1.74"/>
</testsuite> <!-- Test -->
