<?xml version="1.0" encoding="UTF-8"?>
<!-- Generated by org.testng.reporters.JUnitXMLReporter -->
<testsuite ignored="0" hostname="LAPTOP-3BL16AQ1" failures="0" tests="5" name="Default test" time="31.457" errors="0" timestamp="2023-05-31T18:23:47 IST">
  <testcase classname="Tests.LoginAndLogout" name="enterUsername" time="1.712"/>
  <testcase classname="Tests.LoginAndLogout" name="enterPassword" time="0.366"/>
  <testcase classname="Tests.LoginAndLogout" name="clickLogin" time="1.508"/>
  <testcase classname="Tests.LoginAndLogout" name="clickButtonInHomePage" time="8.27"/>
  <testcase classname="Tests.LoginAndLogout" name="clickLogoutButton" time="14.089"/>
</testsuite> <!-- Default test -->
