<?xml version="1.0" encoding="UTF-8"?>
<testng-results ignored="0" total="5" passed="5" failed="0" skipped="0">
  <reporter-output>
  </reporter-output>
  <suite started-at="2023-05-31T18:23:16 IST" name="Default suite" finished-at="2023-05-31T18:23:47 IST" duration-ms="31457">
    <groups>
    </groups>
    <test started-at="2023-05-31T18:23:16 IST" name="Default test" finished-at="2023-05-31T18:23:47 IST" duration-ms="31457">
      <class name="Tests.LoginAndLogout">
        <test-method is-config="true" signature="launchBrowser()[pri:0, instance:Tests.LoginAndLogout@6b2ea799]" started-at="2023-05-31T18:22:58 IST" name="launchBrowser" finished-at="2023-05-31T18:23:16 IST" duration-ms="17905" status="PASS">
          <reporter-output>
          </reporter-output>
        </test-method> <!-- launchBrowser -->
        <test-method is-config="true" signature="launchURL()[pri:0, instance:Tests.LoginAndLogout@6b2ea799]" started-at="2023-05-31T18:23:16 IST" name="launchURL" finished-at="2023-05-31T18:23:21 IST" duration-ms="5138" status="PASS">
          <reporter-output>
          </reporter-output>
        </test-method> <!-- launchURL -->
        <test-method is-config="true" signature="wait1()[pri:0, instance:Tests.LoginAndLogout@6b2ea799]" started-at="2023-05-31T18:23:21 IST" name="wait1" finished-at="2023-05-31T18:23:21 IST" duration-ms="10" status="PASS">
          <reporter-output>
          </reporter-output>
        </test-method> <!-- wait1 -->
        <test-method signature="enterUsername()[pri:1, instance:Tests.LoginAndLogout@6b2ea799]" started-at="2023-05-31T18:23:21 IST" name="enterUsername" finished-at="2023-05-31T18:23:23 IST" duration-ms="1712" status="PASS">
          <reporter-output>
          </reporter-output>
        </test-method> <!-- enterUsername -->
        <test-method is-config="true" signature="wait2()[pri:0, instance:Tests.LoginAndLogout@6b2ea799]" started-at="2023-05-31T18:23:23 IST" name="wait2" finished-at="2023-05-31T18:23:23 IST" duration-ms="72" status="PASS">
          <reporter-output>
          </reporter-output>
        </test-method> <!-- wait2 -->
        <test-method is-config="true" signature="wait1()[pri:0, instance:Tests.LoginAndLogout@6b2ea799]" started-at="2023-05-31T18:23:23 IST" name="wait1" finished-at="2023-05-31T18:23:23 IST" duration-ms="12" status="PASS">
          <reporter-output>
          </reporter-output>
        </test-method> <!-- wait1 -->
        <test-method signature="enterPassword()[pri:2, instance:Tests.LoginAndLogout@6b2ea799]" started-at="2023-05-31T18:23:23 IST" name="enterPassword" finished-at="2023-05-31T18:23:23 IST" duration-ms="366" status="PASS">
          <reporter-output>
          </reporter-output>
        </test-method> <!-- enterPassword -->
        <test-method is-config="true" signature="wait2()[pri:0, instance:Tests.LoginAndLogout@6b2ea799]" started-at="2023-05-31T18:23:23 IST" name="wait2" finished-at="2023-05-31T18:23:23 IST" duration-ms="17" status="PASS">
          <reporter-output>
          </reporter-output>
        </test-method> <!-- wait2 -->
        <test-method is-config="true" signature="wait1()[pri:0, instance:Tests.LoginAndLogout@6b2ea799]" started-at="2023-05-31T18:23:23 IST" name="wait1" finished-at="2023-05-31T18:23:23 IST" duration-ms="6" status="PASS">
          <reporter-output>
          </reporter-output>
        </test-method> <!-- wait1 -->
        <test-method signature="clickLogin()[pri:3, instance:Tests.LoginAndLogout@6b2ea799]" started-at="2023-05-31T18:23:23 IST" name="clickLogin" finished-at="2023-05-31T18:23:25 IST" duration-ms="1508" status="PASS">
          <reporter-output>
          </reporter-output>
        </test-method> <!-- clickLogin -->
        <test-method is-config="true" signature="wait2()[pri:0, instance:Tests.LoginAndLogout@6b2ea799]" started-at="2023-05-31T18:23:25 IST" name="wait2" finished-at="2023-05-31T18:23:25 IST" duration-ms="29" status="PASS">
          <reporter-output>
          </reporter-output>
        </test-method> <!-- wait2 -->
        <test-method is-config="true" signature="wait1()[pri:0, instance:Tests.LoginAndLogout@6b2ea799]" started-at="2023-05-31T18:23:25 IST" name="wait1" finished-at="2023-05-31T18:23:25 IST" duration-ms="13" status="PASS">
          <reporter-output>
          </reporter-output>
        </test-method> <!-- wait1 -->
        <test-method signature="clickButtonInHomePage()[pri:4, instance:Tests.LoginAndLogout@6b2ea799]" started-at="2023-05-31T18:23:25 IST" name="clickButtonInHomePage" finished-at="2023-05-31T18:23:33 IST" duration-ms="8270" status="PASS">
          <reporter-output>
          </reporter-output>
        </test-method> <!-- clickButtonInHomePage -->
        <test-method is-config="true" signature="wait2()[pri:0, instance:Tests.LoginAndLogout@6b2ea799]" started-at="2023-05-31T18:23:33 IST" name="wait2" finished-at="2023-05-31T18:23:33 IST" duration-ms="14" status="PASS">
          <reporter-output>
          </reporter-output>
        </test-method> <!-- wait2 -->
        <test-method is-config="true" signature="wait1()[pri:0, instance:Tests.LoginAndLogout@6b2ea799]" started-at="2023-05-31T18:23:33 IST" name="wait1" finished-at="2023-05-31T18:23:33 IST" duration-ms="47" status="PASS">
          <reporter-output>
          </reporter-output>
        </test-method> <!-- wait1 -->
        <test-method signature="clickLogoutButton()[pri:5, instance:Tests.LoginAndLogout@6b2ea799]" started-at="2023-05-31T18:23:33 IST" name="clickLogoutButton" finished-at="2023-05-31T18:23:47 IST" duration-ms="14089" status="PASS">
          <reporter-output>
          </reporter-output>
        </test-method> <!-- clickLogoutButton -->
        <test-method is-config="true" signature="wait2()[pri:0, instance:Tests.LoginAndLogout@6b2ea799]" started-at="2023-05-31T18:23:47 IST" name="wait2" finished-at="2023-05-31T18:23:47 IST" duration-ms="13" status="PASS">
          <reporter-output>
          </reporter-output>
        </test-method> <!-- wait2 -->
        <test-method is-config="true" signature="closeBrowser()[pri:0, instance:Tests.LoginAndLogout@6b2ea799]" started-at="2023-05-31T18:23:47 IST" name="closeBrowser" finished-at="2023-05-31T18:23:55 IST" duration-ms="7479" status="PASS">
          <reporter-output>
          </reporter-output>
        </test-method> <!-- closeBrowser -->
      </class> <!-- Tests.LoginAndLogout -->
    </test> <!-- Default test -->
  </suite> <!-- Default suite -->
</testng-results>
